<?xml version="1.0" encoding="UTF-8"?>
<!-- Generated by org.testng.reporters.JUnitReportReporter -->
<testsuite hostname="LAPTOP-H6ICRR5G" failures="0" tests="3" name="com.test.project.A_Annotations" time="0.024" errors="0" timestamp="30 Oct 2022 06:47:45 GMT" skipped="0">
  <testcase classname="com.test.project.A_Annotations" name="SearchTest" time="0.002"/>
  <testcase classname="com.test.project.A_Annotations" name="googleTitleTest" time="0.004"/>
  <testcase classname="com.test.project.A_Annotations" name="GooglelogoTest" time="0.018"/>
</testsuite> <!-- com.test.project.A_Annotations -->
