<?xml version="1.0" encoding="UTF-8"?>
<!-- Generated by org.testng.reporters.JUnitReportReporter -->
<testsuite hostname="LAPTOP-H6ICRR5G" failures="0" tests="3" name="com.test.project.A_Annotations_Part1" time="0.031" errors="0" timestamp="07 Nov 2022 05:21:57 GMT" skipped="0">
  <testcase classname="com.test.project.A_Annotations_Part1" name="googleTitleTest" time="0.004"/>
  <testcase classname="com.test.project.A_Annotations_Part1" name="GooglelogoTest" time="0.023"/>
  <testcase classname="com.test.project.A_Annotations_Part1" name="SearchTest" time="0.004"/>
</testsuite> <!-- com.test.project.A_Annotations_Part1 -->
