<?xml version="1.0" encoding="UTF-8"?>
<!-- Generated by org.testng.reporters.JUnitReportReporter -->
<testsuite hostname="DESKTOP-LGH18G6" failures="0" tests="1" name="com.test.project.C_DependsonMethod" time="0.002" errors="0" timestamp="17 Feb 2023 16:29:39 GMT" skipped="0">
  <testcase classname="com.test.project.C_DependsonMethod" name="loginTest" time="0.002"/>
</testsuite> <!-- com.test.project.C_DependsonMethod -->
