<?xml version="1.0" encoding="UTF-8"?>
<!-- Generated by org.testng.reporters.JUnitReportReporter -->
<testsuite hostname="LAPTOP-H6ICRR5G" failures="0" tests="1" name="com.test.project.C_DependsonMethod" time="0.004" errors="0" timestamp="07 Nov 2022 05:21:57 GMT" skipped="0">
  <testcase classname="com.test.project.C_DependsonMethod" name="loginTest" time="0.004"/>
</testsuite> <!-- com.test.project.C_DependsonMethod -->
