<?xml version="1.0" encoding="UTF-8"?>
<!-- Generated by org.testng.reporters.JUnitReportReporter -->
<testsuite hostname="DESKTOP-LGH18G6" failures="0" tests="3" name="com.test.project.A_Annotations_Part1" time="0.008" errors="0" timestamp="17 Feb 2023 16:29:39 GMT" skipped="0">
  <testcase classname="com.test.project.A_Annotations_Part1" name="GooglelogoTest" time="0.005"/>
  <testcase classname="com.test.project.A_Annotations_Part1" name="googleTitleTest" time="0.001"/>
  <testcase classname="com.test.project.A_Annotations_Part1" name="SearchTest" time="0.002"/>
</testsuite> <!-- com.test.project.A_Annotations_Part1 -->
