<?xml version="1.0" encoding="UTF-8"?>
<!-- Generated by org.testng.reporters.JUnitReportReporter -->
<testsuite hostname="LAPTOP-H6ICRR5G" failures="0" tests="10" name="com.test.project.D_InvocationCount" time="0.034" errors="0" timestamp="07 Nov 2022 05:21:57 GMT" skipped="0">
  <testcase classname="com.test.project.D_InvocationCount" name="sum" time="0.002"/>
  <testcase classname="com.test.project.D_InvocationCount" name="sum" time="0.004"/>
  <testcase classname="com.test.project.D_InvocationCount" name="sum" time="0.003"/>
  <testcase classname="com.test.project.D_InvocationCount" name="sum" time="0.003"/>
  <testcase classname="com.test.project.D_InvocationCount" name="sum" time="0.003"/>
  <testcase classname="com.test.project.D_InvocationCount" name="sum" time="0.003"/>
  <testcase classname="com.test.project.D_InvocationCount" name="sum" time="0.003"/>
  <testcase classname="com.test.project.D_InvocationCount" name="sum" time="0.004"/>
  <testcase classname="com.test.project.D_InvocationCount" name="sum" time="0.005"/>
  <testcase classname="com.test.project.D_InvocationCount" name="sum" time="0.004"/>
</testsuite> <!-- com.test.project.D_InvocationCount -->
