<?xml version="1.0" encoding="UTF-8"?>
<!-- Generated by org.testng.reporters.JUnitReportReporter -->
<testsuite hostname="DESKTOP-LGH18G6" failures="0" tests="10" name="com.test.project.D_InvocationCount" time="0.009" errors="0" timestamp="17 Feb 2023 16:29:39 GMT" skipped="0">
  <testcase classname="com.test.project.D_InvocationCount" name="sum" time="0.002"/>
  <testcase classname="com.test.project.D_InvocationCount" name="sum" time="0.001"/>
  <testcase classname="com.test.project.D_InvocationCount" name="sum" time="0.000"/>
  <testcase classname="com.test.project.D_InvocationCount" name="sum" time="0.000"/>
  <testcase classname="com.test.project.D_InvocationCount" name="sum" time="0.001"/>
  <testcase classname="com.test.project.D_InvocationCount" name="sum" time="0.000"/>
  <testcase classname="com.test.project.D_InvocationCount" name="sum" time="0.002"/>
  <testcase classname="com.test.project.D_InvocationCount" name="sum" time="0.001"/>
  <testcase classname="com.test.project.D_InvocationCount" name="sum" time="0.001"/>
  <testcase classname="com.test.project.D_InvocationCount" name="sum" time="0.001"/>
</testsuite> <!-- com.test.project.D_InvocationCount -->
