<?xml version="1.0" encoding="UTF-8"?>
<!-- Generated by org.testng.reporters.JUnitReportReporter -->
<testsuite hostname="LAPTOP-H6ICRR5G" failures="0" tests="3" name="com.test.project.A_Annotations" time="0.023" errors="0" timestamp="05 Nov 2022 04:26:26 GMT" skipped="0">
  <testcase classname="com.test.project.A_Annotations" name="GooglelogoTest" time="0.016"/>
  <testcase classname="com.test.project.A_Annotations" name="googleTitleTest" time="0.003"/>
  <testcase classname="com.test.project.A_Annotations" name="SearchTest" time="0.004"/>
</testsuite> <!-- com.test.project.A_Annotations -->
