<?xml version="1.0" encoding="UTF-8"?>
<!-- Generated by org.testng.reporters.JUnitReportReporter -->
<testsuite hostname="LAPTOP-H6ICRR5G" failures="0" tests="1" name="com.test.project.TestHelloworld" time="0.019" errors="0" timestamp="30 Oct 2022 04:32:54 GMT" skipped="0">
  <testcase classname="com.test.project.TestHelloworld" name="testhelloworld" time="0.019"/>
</testsuite> <!-- com.test.project.TestHelloworld -->
