<?xml version="1.0" encoding="UTF-8"?>
<!-- Generated by org.testng.reporters.JUnitReportReporter -->
<testsuite hostname="LAPTOP-H6ICRR5G" failures="0" tests="1" name="com.test.project.E_ExceptionTimeout" time="0.023" errors="0" timestamp="07 Nov 2022 05:21:57 GMT" skipped="0">
  <testcase classname="com.test.project.E_ExceptionTimeout" name="infiniteLoop" time="0.023"/>
</testsuite> <!-- com.test.project.E_ExceptionTimeout -->
