<?xml version="1.0" encoding="UTF-8"?>
<!-- Generated by org.testng.reporters.JUnitReportReporter -->
<testsuite hostname="LAPTOP-H6ICRR5G" failures="0" tests="3" name="com.test.project.B_GoogleTest" time="19.087" errors="0" timestamp="30 Oct 2022 07:18:24 GMT" skipped="0">
  <testcase classname="com.test.project.B_GoogleTest" name="GetTittle" time="5.586"/>
  <testcase classname="com.test.project.B_GoogleTest" name="linktest" time="7.800"/>
  <testcase classname="com.test.project.B_GoogleTest" name="GoogleLogoTest" time="5.701"/>
</testsuite> <!-- com.test.project.B_GoogleTest -->
